[03.02.2016 11:04:02] DBManager: persist 'INSERT INTO user (firstname,name,streetname,streetnumber,postcode,city,birthday,working) VALUES ('Max','Mustermann','Straße','15','12345','Stadt',1991-02-01,1)'
[03.02.2016 11:07:13] DBManager: persist 'INSERT INTO user (firstname,name,streetname,streetnumber,postcode,city,birthday) VALUES ('Max','Mustermann','Straße','15','12345','Stadt','1991-02-01')'
[03.02.2016 11:07:47] DBManager: getAll 'SELECT * FROM user ORDER BY name ASC'
[03.02.2016 11:07:49] DBManager: get 'SELECT * FROM user WHERE id = 1'
[03.02.2016 12:35:40] DBManager: getAll 'SELECT * FROM user ORDER BY name ASC'
[03.02.2016 12:35:42] DBManager: get 'SELECT * FROM user WHERE id = 1'
[03.02.2016 12:36:07] DBManager: get 'SELECT * FROM user WHERE id = 1'
[03.02.2016 12:39:25] DBManager: get 'SELECT * FROM user WHERE id = 1'
[04.02.2016 08:47:17] DBManager: getAll 'SELECT * FROM user ORDER BY name ASC'
[04.02.2016 08:47:23] DBManager: get 'SELECT * FROM user WHERE id = 2'
[04.02.2016 08:47:27] DBManager: get 'SELECT * FROM user WHERE id = 2'
[04.02.2016 08:47:27] DBManager: get 'SELECT * FROM user WHERE id = 2'
[04.02.2016 08:47:27] DBManager: update 'UPDATE user SET name='Mustermann',firstname='Max',streetname='Straße',streetnumber='15',postcode='12345',city='Stadt',birthday='1991-02-01',iban='iabn',bic='bic',sepa=1 WHERE id=2'
[04.02.2016 08:47:27] DBManager: getAll 'SELECT * FROM user ORDER BY name ASC'
[04.02.2016 08:47:32] DBManager: get 'SELECT * FROM user WHERE id = 2'
[04.02.2016 08:49:05] DBManager: get 'SELECT * FROM user WHERE id = 2'
[04.02.2016 08:49:05] DBManager: get 'SELECT * FROM user WHERE id = 2'
[04.02.2016 08:51:29] DBManager: get 'SELECT * FROM user WHERE id = 2'
[04.02.2016 08:51:29] DBManager: get 'SELECT * FROM user WHERE id = 2'
[04.02.2016 08:52:24] DBManager: get 'SELECT * FROM user WHERE id = 2'
[04.02.2016 08:52:24] DBManager: get 'SELECT * FROM user WHERE id = 2'
[04.02.2016 08:52:41] DBManager: get 'SELECT * FROM user WHERE id = 2'
[04.02.2016 08:52:41] DBManager: get 'SELECT * FROM user WHERE id = 2'
[04.02.2016 08:53:12] DBManager: get 'SELECT * FROM user WHERE id = 2'
[04.02.2016 08:53:12] DBManager: get 'SELECT * FROM user WHERE id = 2'
[04.02.2016 08:53:12] DBManager: update 'UPDATE user SET name='Mustermann',firstname='Max',streetname='Straße',streetnumber='15',postcode='12345',city='Stadt',birthday='1991-02-01',iban='iabn',bic='bic',sepa=1,working=0 WHERE id=2'
[04.02.2016 08:53:12] DBManager: getAll 'SELECT * FROM user ORDER BY name ASC'
[04.02.2016 08:53:17] DBManager: get 'SELECT * FROM user WHERE id = 2'
[04.02.2016 08:53:22] DBManager: get 'SELECT * FROM user WHERE id = 2'
[04.02.2016 08:53:22] DBManager: get 'SELECT * FROM user WHERE id = 2'
[04.02.2016 08:53:22] DBManager: update 'UPDATE user SET name='Mustermann',firstname='Max',streetname='Straße',streetnumber='15',postcode='12345',city='Stadt',birthday='1991-02-01',iban='iabn',bic='bic',sepa=1,working=1 WHERE id=2'
[04.02.2016 08:53:22] DBManager: getAll 'SELECT * FROM user ORDER BY name ASC'
[04.02.2016 08:53:26] DBManager: get 'SELECT * FROM user WHERE id = 2'
[04.02.2016 08:53:29] DBManager: get 'SELECT * FROM user WHERE id = 2'
[04.02.2016 08:53:29] DBManager: get 'SELECT * FROM user WHERE id = 2'
[04.02.2016 08:53:29] DBManager: update 'UPDATE user SET name='Mustermann',firstname='Max',streetname='Straße',streetnumber='15',postcode='12345',city='Stadt',birthday='1991-02-01',iban='iabn',bic='bic',sepa=1,working=0 WHERE id=2'
[04.02.2016 08:53:29] DBManager: getAll 'SELECT * FROM user ORDER BY name ASC'
[04.02.2016 08:53:31] DBManager: get 'SELECT * FROM user WHERE id = 2'
[04.02.2016 08:53:39] DBManager: get 'SELECT * FROM user WHERE id = 2'
[04.02.2016 08:53:39] DBManager: get 'SELECT * FROM user WHERE id = 2'
[04.02.2016 08:53:39] DBManager: update 'UPDATE user SET name='Mustermann',firstname='Max',streetname='Straße',streetnumber='15',postcode='12345',city='Stadt',birthday='1991-02-01',iban='',bic='',sepa=0,working=0 WHERE id=2'
[04.02.2016 08:53:39] DBManager: getAll 'SELECT * FROM user ORDER BY name ASC'
[04.02.2016 08:53:42] DBManager: get 'SELECT * FROM user WHERE id = 2'
[04.02.2016 08:53:47] DBManager: get 'SELECT * FROM user WHERE id = 2'
[04.02.2016 08:53:47] DBManager: get 'SELECT * FROM user WHERE id = 2'
[04.02.2016 08:53:47] DBManager: update 'UPDATE user SET name='Mustermann',firstname='Max',streetname='Straße',streetnumber='15',postcode='12345',city='Stadt',birthday='1991-02-01',iban='iban',bic='bic',sepa=1,working=0 WHERE id=2'
[04.02.2016 08:53:47] DBManager: getAll 'SELECT * FROM user ORDER BY name ASC'
[04.02.2016 08:53:51] DBManager: get 'SELECT * FROM user WHERE id = 2'
[04.02.2016 08:53:53] DBManager: get 'SELECT * FROM user WHERE id = 2'
[04.02.2016 08:53:53] DBManager: get 'SELECT * FROM user WHERE id = 2'
[04.02.2016 08:53:53] DBManager: update 'UPDATE user SET name='Mustermann',firstname='Max',streetname='Straße',streetnumber='15',postcode='12345',city='Stadt',birthday='1991-02-01',iban='iban',bic='bic',sepa=1,working=0 WHERE id=2'
[04.02.2016 08:53:53] DBManager: getAll 'SELECT * FROM user ORDER BY name ASC'
[04.02.2016 08:58:57] DBManager: getAll 'SELECT * FROM user ORDER BY name ASC'
[04.02.2016 08:59:27] DBManager: getAll 'SELECT * FROM user ORDER BY name ASC'
[04.02.2016 09:04:55] DBManager: get 'SELECT * FROM user WHERE id = 2'
[04.02.2016 09:04:55] DBManager: update 'UPDATE user SET '
[04.02.2016 09:04:55] DBManager: getAll 'SELECT * FROM user ORDER BY name ASC'
[04.02.2016 09:05:02] DBManager: get 'SELECT * FROM user WHERE id = 2'
[04.02.2016 09:05:02] DBManager: update 'UPDATE user SET '
[04.02.2016 09:05:02] DBManager: getAll 'SELECT * FROM user ORDER BY name ASC'
[04.02.2016 09:05:04] DBManager: get 'SELECT * FROM user WHERE id = 2'
[04.02.2016 09:05:04] DBManager: update 'UPDATE user SET '
[04.02.2016 09:05:04] DBManager: getAll 'SELECT * FROM user ORDER BY name ASC'
[04.02.2016 09:09:42] DBManager: getAll 'SELECT * FROM user ORDER BY name ASC'
[04.02.2016 09:09:45] DBManager: get 'SELECT * FROM user WHERE id = 2'
[04.02.2016 09:09:45] DBManager: update 'UPDATE user SET deleted=1 WHERE id='2''
[04.02.2016 09:09:45] DBManager: getAll 'SELECT * FROM user ORDER BY name ASC'
[04.02.2016 09:14:32] DBManager: getAll 'SELECT * FROM user WHERE deleted=0 ORDER BY name ASC'
[04.02.2016 09:14:34] DBManager: getAll 'SELECT * FROM user WHERE deleted=0 ORDER BY name ASC'
[04.02.2016 09:14:34] DBManager: getAll 'SELECT * FROM user WHERE deleted=0 ORDER BY name ASC'
[04.02.2016 09:14:37] DBManager: get 'SELECT * FROM user WHERE id = 4'
[04.02.2016 09:14:37] DBManager: update 'UPDATE user SET deleted=1 WHERE id='4''
[04.02.2016 09:14:37] DBManager: getAll 'SELECT * FROM user WHERE deleted=0 ORDER BY name ASC'
[04.02.2016 09:14:38] DBManager: getAll 'SELECT * FROM user WHERE deleted=0 ORDER BY name ASC'
[04.02.2016 09:22:39] DBManager: getAll 'SELECT * FROM user WHERE deleted=0 ORDER BY name ASC'
[04.02.2016 09:22:44] DBManager: getAll 'SELECT * FROM account ORDER BY name ASC'
[04.02.2016 09:26:41] DBManager: getAll 'SELECT * FROM user WHERE deleted=0 ORDER BY name ASC'
[04.02.2016 09:30:29] DBManager: getAll 'SELECT * FROM user WHERE deleted=0 ORDER BY name ASC'
[04.02.2016 09:53:33] DBManager: getAll 'SELECT * FROM user WHERE deleted=0 ORDER BY name ASC'
[04.02.2016 09:53:35] DBManager: getAll 'SELECT * FROM account ORDER BY name ASC'
[04.02.2016 09:53:36] DBManager: getAll 'SELECT * FROM user WHERE deleted=0 ORDER BY name ASC'
